downloaded:  hsa04520 
parsed:  data_to_be_deleted/kegg.collection.reactions//hsa04520.xml 
downloaded:  hsa04920 
parsed:  data_to_be_deleted/kegg.collection.reactions//hsa04920.xml 
downloaded:  hsa04261 
parsed:  data_to_be_deleted/kegg.collection.reactions//hsa04261.xml 
downloaded:  hsa00250 

reaction  rn:R00243 rn:R00248  had two products. Taking the first one

reaction  rn:R00256  had two products. Taking the first one
parsed:  data_to_be_deleted/kegg.collection.reactions//hsa00250.xml 
downloaded:  hsa04960 
parsed:  data_to_be_deleted/kegg.collection.reactions//hsa04960.xml 
downloaded:  hsa00592 
parsed:  data_to_be_deleted/kegg.collection.reactions//hsa00592.xml 
downloaded:  hsa00520 
parsed:  data_to_be_deleted/kegg.collection.reactions//hsa00520.xml 
downloaded:  hsa00970 
parsed:  data_to_be_deleted/kegg.collection.reactions//hsa00970.xml 
downloaded:  hsa04612 
parsed:  data_to_be_deleted/kegg.collection.reactions//hsa04612.xml 
downloaded:  hsa04210 
parsed:  data_to_be_deleted/kegg.collection.reactions//hsa04210.xml 
downloaded:  hsa00590 
parsed:  data_to_be_deleted/kegg.collection.reactions//hsa00590.xml 
downloaded:  hsa00330 

reaction  rn:R01920  had two products. Taking the first one

reaction  rn:R02869  had two products. Taking the first one

reaction  rn:R02869  had two products. Taking the first one

reaction  rn:R00471  had two products. Taking the first one
parsed:  data_to_be_deleted/kegg.collection.reactions//hsa00330.xml 
downloaded:  hsa04360 
parsed:  data_to_be_deleted/kegg.collection.reactions//hsa04360.xml 
downloaded:  hsa04662 
parsed:  data_to_be_deleted/kegg.collection.reactions//hsa04662.xml 
downloaded:  hsa00410 

reaction  rn:R01166  had two products. Taking the first one

reaction  rn:R01166  had two products. Taking the first one

reaction  rn:R09076  had two products. Taking the first one
parsed:  data_to_be_deleted/kegg.collection.reactions//hsa00410.xml 
downloaded:  hsa04976 
parsed:  data_to_be_deleted/kegg.collection.reactions//hsa04976.xml 
downloaded:  hsa00780 

reaction  rn:R01077  had two products. Taking the first one

reaction  rn:R10119  had two products. Taking the first one

reaction  rn:R10115  had two products. Taking the first one
parsed:  data_to_be_deleted/kegg.collection.reactions//hsa00780.xml 
downloaded:  hsa00650 

reaction  rn:R01360  had two products. Taking the first one

reaction  rn:R01978  had two products. Taking the first one
parsed:  data_to_be_deleted/kegg.collection.reactions//hsa00650.xml 
downloaded:  hsa00524 
parsed:  data_to_be_deleted/kegg.collection.reactions//hsa00524.xml 
downloaded:  hsa00232 
parsed:  data_to_be_deleted/kegg.collection.reactions//hsa00232.xml 
downloaded:  hsa04020 
parsed:  data_to_be_deleted/kegg.collection.reactions//hsa04020.xml 
downloaded:  hsa04973 
parsed:  data_to_be_deleted/kegg.collection.reactions//hsa04973.xml 
downloaded:  hsa04260 
parsed:  data_to_be_deleted/kegg.collection.reactions//hsa04260.xml 
downloaded:  hsa04514 
parsed:  data_to_be_deleted/kegg.collection.reactions//hsa04514.xml 
downloaded:  hsa04110 
parsed:  data_to_be_deleted/kegg.collection.reactions//hsa04110.xml 
downloaded:  hsa04062 
parsed:  data_to_be_deleted/kegg.collection.reactions//hsa04062.xml 
downloaded:  hsa04725 
parsed:  data_to_be_deleted/kegg.collection.reactions//hsa04725.xml 
downloaded:  hsa04713 
parsed:  data_to_be_deleted/kegg.collection.reactions//hsa04713.xml 
downloaded:  hsa04710 
parsed:  data_to_be_deleted/kegg.collection.reactions//hsa04710.xml 
downloaded:  hsa00020 

reaction  rn:R00621  had two products. Taking the first one

reaction  rn:R02570  had two products. Taking the first one

reaction  rn:R00352  had two products. Taking the first one

reaction  rn:R00351  had two products. Taking the first one

reaction  rn:R00014  had two products. Taking the first one

reaction  rn:R02569  had two products. Taking the first one
parsed:  data_to_be_deleted/kegg.collection.reactions//hsa00020.xml 
downloaded:  hsa04610 
parsed:  data_to_be_deleted/kegg.collection.reactions//hsa04610.xml 
downloaded:  hsa00460 
parsed:  data_to_be_deleted/kegg.collection.reactions//hsa00460.xml 
downloaded:  hsa00270 

reaction  rn:R01001  had two products. Taking the first one

reaction  rn:R01290  had two products. Taking the first one
parsed:  data_to_be_deleted/kegg.collection.reactions//hsa00270.xml 
downloaded:  hsa04060 
parsed:  data_to_be_deleted/kegg.collection.reactions//hsa04060.xml 
downloaded:  hsa04623 
parsed:  data_to_be_deleted/kegg.collection.reactions//hsa04623.xml 
downloaded:  hsa00471 
parsed:  data_to_be_deleted/kegg.collection.reactions//hsa00471.xml 
downloaded:  hsa04728 
parsed:  data_to_be_deleted/kegg.collection.reactions//hsa04728.xml 
downloaded:  hsa04320 
parsed:  data_to_be_deleted/kegg.collection.reactions//hsa04320.xml 
downloaded:  hsa00982 

reaction  rn:R08276  had two products. Taking the first one
parsed:  data_to_be_deleted/kegg.collection.reactions//hsa00982.xml 
downloaded:  hsa00983 
parsed:  data_to_be_deleted/kegg.collection.reactions//hsa00983.xml 
downloaded:  hsa04512 
parsed:  data_to_be_deleted/kegg.collection.reactions//hsa04512.xml 
downloaded:  hsa04961 
parsed:  data_to_be_deleted/kegg.collection.reactions//hsa04961.xml 
downloaded:  hsa04012 
parsed:  data_to_be_deleted/kegg.collection.reactions//hsa04012.xml 
downloaded:  hsa04915 
parsed:  data_to_be_deleted/kegg.collection.reactions//hsa04915.xml 
downloaded:  hsa00565 
parsed:  data_to_be_deleted/kegg.collection.reactions//hsa00565.xml 
downloaded:  hsa04975 
parsed:  data_to_be_deleted/kegg.collection.reactions//hsa04975.xml 
downloaded:  hsa00061 

reaction  rn:R07762  had two products. Taking the first one

reaction  rn:R04968  had two products. Taking the first one

reaction  rn:R04726  had two products. Taking the first one

reaction  rn:R04963  had two products. Taking the first one

reaction  rn:R04960  had two products. Taking the first one

reaction  rn:R04957  had two products. Taking the first one

reaction  rn:R04952  had two products. Taking the first one

reaction  rn:R04968  had two products. Taking the first one

reaction  rn:R04726  had two products. Taking the first one

reaction  rn:R04963  had two products. Taking the first one

reaction  rn:R04960  had two products. Taking the first one

reaction  rn:R04957  had two products. Taking the first one

reaction  rn:R04952  had two products. Taking the first one

reaction  rn:R04355  had two products. Taking the first one

reaction  rn:R01624  had two products. Taking the first one

reaction  rn:R04355  had two products. Taking the first one
parsed:  data_to_be_deleted/kegg.collection.reactions//hsa00061.xml 
downloaded:  hsa00071 
parsed:  data_to_be_deleted/kegg.collection.reactions//hsa00071.xml 
downloaded:  hsa00062 

reaction  rn:R03991  had two products. Taking the first one

reaction  rn:R03858  had two products. Taking the first one

reaction  rn:R04742  had two products. Taking the first one

reaction  rn:R03778  had two products. Taking the first one

reaction  rn:R04747  had two products. Taking the first one

reaction  rn:R01177  had two products. Taking the first one

reaction  rn:R00391  had two products. Taking the first one

reaction  rn:R10825  had two products. Taking the first one
parsed:  data_to_be_deleted/kegg.collection.reactions//hsa00062.xml 
downloaded:  hsa04664 
parsed:  data_to_be_deleted/kegg.collection.reactions//hsa04664.xml 
downloaded:  hsa04666 
parsed:  data_to_be_deleted/kegg.collection.reactions//hsa04666.xml 
downloaded:  hsa04510 
parsed:  data_to_be_deleted/kegg.collection.reactions//hsa04510.xml 
downloaded:  hsa00790 
parsed:  data_to_be_deleted/kegg.collection.reactions//hsa00790.xml 
downloaded:  hsa04068 
parsed:  data_to_be_deleted/kegg.collection.reactions//hsa04068.xml 
downloaded:  hsa00051 

reaction  rn:R02568  had two products. Taking the first one
parsed:  data_to_be_deleted/kegg.collection.reactions//hsa00051.xml 
downloaded:  hsa04727 
parsed:  data_to_be_deleted/kegg.collection.reactions//hsa04727.xml 
downloaded:  hsa00052 

reaction  rn:R03634  had two products. Taking the first one

reaction  rn:R05549  had two products. Taking the first one

reaction  rn:R00801  had two products. Taking the first one

reaction  rn:R01101  had two products. Taking the first one

reaction  rn:R01104  had two products. Taking the first one

reaction  rn:R01329  had two products. Taking the first one

reaction  rn:R02926  had two products. Taking the first one

reaction  rn:R01194  had two products. Taking the first one

reaction  rn:R01678  had two products. Taking the first one

reaction  rn:R01678  had two products. Taking the first one

reaction  rn:R00801  had two products. Taking the first one
parsed:  data_to_be_deleted/kegg.collection.reactions//hsa00052.xml 
downloaded:  hsa04540 
parsed:  data_to_be_deleted/kegg.collection.reactions//hsa04540.xml 
downloaded:  hsa04971 
parsed:  data_to_be_deleted/kegg.collection.reactions//hsa04971.xml 
downloaded:  hsa04724 
parsed:  data_to_be_deleted/kegg.collection.reactions//hsa04724.xml 
downloaded:  hsa00480 

reaction  rn:R04951  had two products. Taking the first one

reaction  rn:R03916  had two products. Taking the first one

reaction  rn:R00497  had two products. Taking the first one

reaction  rn:R00894  had two products. Taking the first one

reaction  rn:R00494  had two products. Taking the first one

reaction  rn:R00899  had two products. Taking the first one

reaction  rn:R02743  had two products. Taking the first one

reaction  rn:R03749  had two products. Taking the first one

reaction  rn:R03522  had two products. Taking the first one

reaction  rn:R00899  had two products. Taking the first one

reaction  rn:R04951  had two products. Taking the first one
parsed:  data_to_be_deleted/kegg.collection.reactions//hsa00480.xml 
downloaded:  hsa00561 

reaction  rn:R02250  had two products. Taking the first one

reaction  rn:R02251  had two products. Taking the first one

reaction  rn:R02687  had two products. Taking the first one

reaction  rn:R02241  had two products. Taking the first one

reaction  rn:R01351  had two products. Taking the first one

reaction  rn:R00851  had two products. Taking the first one

reaction  rn:R01350  had two products. Taking the first one
parsed:  data_to_be_deleted/kegg.collection.reactions//hsa00561.xml 
downloaded:  hsa00564 

reaction  rn:R01321  had two products. Taking the first one

reaction  rn:R02241  had two products. Taking the first one

reaction  rn:R00851  had two products. Taking the first one

reaction  rn:R01030  had two products. Taking the first one

reaction  rn:R02057  had two products. Taking the first one

reaction  rn:R01470  had two products. Taking the first one

reaction  rn:R02030 rn:R07390  had two products. Taking the first one
parsed:  data_to_be_deleted/kegg.collection.reactions//hsa00564.xml 
downloaded:  hsa00260 

reaction  rn:R00945  had two products. Taking the first one
parsed:  data_to_be_deleted/kegg.collection.reactions//hsa00260.xml 
downloaded:  hsa00010 

reaction  rn:R00014  had two products. Taking the first one

reaction  rn:R02569  had two products. Taking the first one

reaction  rn:R01070  had two products. Taking the first one
parsed:  data_to_be_deleted/kegg.collection.reactions//hsa00010.xml 
downloaded:  hsa00531 

reaction  rn:R07811  had two products. Taking the first one
parsed:  data_to_be_deleted/kegg.collection.reactions//hsa00531.xml 
downloaded:  hsa00604 
parsed:  data_to_be_deleted/kegg.collection.reactions//hsa00604.xml 
downloaded:  hsa00603 
parsed:  data_to_be_deleted/kegg.collection.reactions//hsa00603.xml 
downloaded:  hsa00601 
parsed:  data_to_be_deleted/kegg.collection.reactions//hsa00601.xml 
downloaded:  hsa00563 

reaction  rn:R05916  had two products. Taking the first one

reaction  rn:R05916  had two products. Taking the first one

reaction  rn:R05916  had two products. Taking the first one

reaction  rn:R05916  had two products. Taking the first one

reaction  rn:R05916  had two products. Taking the first one

reaction  rn:R05916  had two products. Taking the first one

reaction  rn:R05919  had two products. Taking the first one

reaction  rn:R05919  had two products. Taking the first one

reaction  rn:R08107  had two products. Taking the first one

reaction  rn:R05922  had two products. Taking the first one

reaction  rn:R05920  had two products. Taking the first one

reaction  rn:R05916  had two products. Taking the first one

reaction  rn:R08107  had two products. Taking the first one

reaction  rn:R05918  had two products. Taking the first one

reaction  rn:R05921  had two products. Taking the first one
parsed:  data_to_be_deleted/kegg.collection.reactions//hsa00563.xml 
downloaded:  hsa00630 

reaction  rn:R00470  had two products. Taking the first one
parsed:  data_to_be_deleted/kegg.collection.reactions//hsa00630.xml 
downloaded:  hsa04912 
parsed:  data_to_be_deleted/kegg.collection.reactions//hsa04912.xml 
downloaded:  hsa04340 
parsed:  data_to_be_deleted/kegg.collection.reactions//hsa04340.xml 
downloaded:  hsa04066 
parsed:  data_to_be_deleted/kegg.collection.reactions//hsa04066.xml 
downloaded:  hsa04390 
parsed:  data_to_be_deleted/kegg.collection.reactions//hsa04390.xml 
downloaded:  hsa00340 
parsed:  data_to_be_deleted/kegg.collection.reactions//hsa00340.xml 
downloaded:  hsa04750 
parsed:  data_to_be_deleted/kegg.collection.reactions//hsa04750.xml 
downloaded:  hsa00562 

reaction  rn:R03435  had two products. Taking the first one
parsed:  data_to_be_deleted/kegg.collection.reactions//hsa00562.xml 
downloaded:  hsa04911 
parsed:  data_to_be_deleted/kegg.collection.reactions//hsa04911.xml 
downloaded:  hsa04910 
parsed:  data_to_be_deleted/kegg.collection.reactions//hsa04910.xml 
downloaded:  hsa04672 
parsed:  data_to_be_deleted/kegg.collection.reactions//hsa04672.xml 
downloaded:  hsa04630 
parsed:  data_to_be_deleted/kegg.collection.reactions//hsa04630.xml 
downloaded:  hsa04670 
parsed:  data_to_be_deleted/kegg.collection.reactions//hsa04670.xml 
downloaded:  hsa00591 
parsed:  data_to_be_deleted/kegg.collection.reactions//hsa00591.xml 
downloaded:  hsa00785 
parsed:  data_to_be_deleted/kegg.collection.reactions//hsa00785.xml 
downloaded:  hsa04730 
parsed:  data_to_be_deleted/kegg.collection.reactions//hsa04730.xml 
downloaded:  hsa04720 
parsed:  data_to_be_deleted/kegg.collection.reactions//hsa04720.xml 
downloaded:  hsa00300 
parsed:  data_to_be_deleted/kegg.collection.reactions//hsa00300.xml 
downloaded:  hsa00310 
parsed:  data_to_be_deleted/kegg.collection.reactions//hsa00310.xml 
downloaded:  hsa04010 
parsed:  data_to_be_deleted/kegg.collection.reactions//hsa04010.xml 
downloaded:  hsa04916 
parsed:  data_to_be_deleted/kegg.collection.reactions//hsa04916.xml 
downloaded:  hsa00980 

reaction  rn:R07000 rn:R07001  had two products. Taking the first one

reaction  rn:R07000 rn:R07001  had two products. Taking the first one

reaction  rn:R07022 rn:R07021  had two products. Taking the first one
parsed:  data_to_be_deleted/kegg.collection.reactions//hsa00980.xml 
downloaded:  hsa04978 
parsed:  data_to_be_deleted/kegg.collection.reactions//hsa04978.xml 
downloaded:  hsa04150 
parsed:  data_to_be_deleted/kegg.collection.reactions//hsa04150.xml 
downloaded:  hsa00512 

reaction  rn:R05907  had two products. Taking the first one

reaction  rn:R05907  had two products. Taking the first one

reaction  rn:R05907  had two products. Taking the first one

reaction  rn:R05907  had two products. Taking the first one

reaction  rn:R05907  had two products. Taking the first one

reaction  rn:R05907  had two products. Taking the first one

reaction  rn:R05907  had two products. Taking the first one

reaction  rn:R05907  had two products. Taking the first one

reaction  rn:R05907  had two products. Taking the first one

reaction  rn:R05907  had two products. Taking the first one
parsed:  data_to_be_deleted/kegg.collection.reactions//hsa00512.xml 
downloaded:  hsa04650 
parsed:  data_to_be_deleted/kegg.collection.reactions//hsa04650.xml 
downloaded:  hsa04080 
parsed:  data_to_be_deleted/kegg.collection.reactions//hsa04080.xml 
downloaded:  hsa04722 
parsed:  data_to_be_deleted/kegg.collection.reactions//hsa04722.xml 
downloaded:  hsa04064 
parsed:  data_to_be_deleted/kegg.collection.reactions//hsa04064.xml 
downloaded:  hsa00510 

reaction  rn:R01009  had two products. Taking the first one

reaction  rn:R01009  had two products. Taking the first one

reaction  rn:R06262  had two products. Taking the first one

reaction  rn:R06258  had two products. Taking the first one

reaction  rn:R05972  had two products. Taking the first one

reaction  rn:R01009  had two products. Taking the first one
parsed:  data_to_be_deleted/kegg.collection.reactions//hsa00510.xml 
downloaded:  hsa00760 
parsed:  data_to_be_deleted/kegg.collection.reactions//hsa00760.xml 
downloaded:  hsa00910 
parsed:  data_to_be_deleted/kegg.collection.reactions//hsa00910.xml 
downloaded:  hsa04621 
parsed:  data_to_be_deleted/kegg.collection.reactions//hsa04621.xml 
downloaded:  hsa04330 
parsed:  data_to_be_deleted/kegg.collection.reactions//hsa04330.xml 
downloaded:  hsa04740 
parsed:  data_to_be_deleted/kegg.collection.reactions//hsa04740.xml 
downloaded:  hsa00670 
parsed:  data_to_be_deleted/kegg.collection.reactions//hsa00670.xml 
downloaded:  hsa04114 
parsed:  data_to_be_deleted/kegg.collection.reactions//hsa04114.xml 
downloaded:  hsa04380 
parsed:  data_to_be_deleted/kegg.collection.reactions//hsa04380.xml 
downloaded:  hsa04913 
parsed:  data_to_be_deleted/kegg.collection.reactions//hsa04913.xml 
downloaded:  hsa00190 
parsed:  data_to_be_deleted/kegg.collection.reactions//hsa00190.xml 
downloaded:  hsa04115 
parsed:  data_to_be_deleted/kegg.collection.reactions//hsa04115.xml 
downloaded:  hsa04972 
parsed:  data_to_be_deleted/kegg.collection.reactions//hsa04972.xml 
downloaded:  hsa00770 

reaction  rn:R04230 rn:R04231  had two products. Taking the first one
parsed:  data_to_be_deleted/kegg.collection.reactions//hsa00770.xml 
downloaded:  hsa00040 
parsed:  data_to_be_deleted/kegg.collection.reactions//hsa00040.xml 
downloaded:  hsa00030 
parsed:  data_to_be_deleted/kegg.collection.reactions//hsa00030.xml 
downloaded:  hsa00360 
parsed:  data_to_be_deleted/kegg.collection.reactions//hsa00360.xml 
downloaded:  hsa00400 
parsed:  data_to_be_deleted/kegg.collection.reactions//hsa00400.xml 
downloaded:  hsa04070 

reaction  rn:R03332  had two products. Taking the first one

reaction  rn:R03435  had two products. Taking the first one

reaction  rn:R01802  had two products. Taking the first one

reaction  rn:R10952  had two products. Taking the first one
parsed:  data_to_be_deleted/kegg.collection.reactions//hsa04070.xml 
downloaded:  hsa04744 
parsed:  data_to_be_deleted/kegg.collection.reactions//hsa04744.xml 
downloaded:  hsa04151 
parsed:  data_to_be_deleted/kegg.collection.reactions//hsa04151.xml 
downloaded:  hsa00860 

reaction  rn:R03683  had two products. Taking the first one

reaction  rn:R00310  had two products. Taking the first one
parsed:  data_to_be_deleted/kegg.collection.reactions//hsa00860.xml 
downloaded:  hsa00120 

reaction  rn:R08744  had two products. Taking the first one

reaction  rn:R08745  had two products. Taking the first one

reaction  rn:R03718  had two products. Taking the first one

reaction  rn:R03720  had two products. Taking the first one
parsed:  data_to_be_deleted/kegg.collection.reactions//hsa00120.xml 
downloaded:  hsa04914 
parsed:  data_to_be_deleted/kegg.collection.reactions//hsa04914.xml 
downloaded:  hsa04917 
parsed:  data_to_be_deleted/kegg.collection.reactions//hsa04917.xml 
downloaded:  hsa00640 
parsed:  data_to_be_deleted/kegg.collection.reactions//hsa00640.xml 
downloaded:  hsa04964 
parsed:  data_to_be_deleted/kegg.collection.reactions//hsa04964.xml 
downloaded:  hsa00230 

reaction  rn:R01072  had two products. Taking the first one

reaction  rn:R00181  had two products. Taking the first one

reaction  rn:R02422  had two products. Taking the first one

reaction  rn:R00507  had two products. Taking the first one
parsed:  data_to_be_deleted/kegg.collection.reactions//hsa00230.xml 
downloaded:  hsa00240 

reaction  rn:R01870  had two products. Taking the first one

reaction  rn:R02016  had two products. Taking the first one

reaction  rn:R01570  had two products. Taking the first one
parsed:  data_to_be_deleted/kegg.collection.reactions//hsa00240.xml 
downloaded:  hsa00620 

reaction  rn:R00014  had two products. Taking the first one

reaction  rn:R02569  had two products. Taking the first one
parsed:  data_to_be_deleted/kegg.collection.reactions//hsa00620.xml 
downloaded:  hsa04015 
parsed:  data_to_be_deleted/kegg.collection.reactions//hsa04015.xml 
downloaded:  hsa04014 
parsed:  data_to_be_deleted/kegg.collection.reactions//hsa04014.xml 
downloaded:  hsa04810 
parsed:  data_to_be_deleted/kegg.collection.reactions//hsa04810.xml 
downloaded:  hsa00830 
parsed:  data_to_be_deleted/kegg.collection.reactions//hsa00830.xml 
downloaded:  hsa04723 
parsed:  data_to_be_deleted/kegg.collection.reactions//hsa04723.xml 
downloaded:  hsa00740 
parsed:  data_to_be_deleted/kegg.collection.reactions//hsa00740.xml 
downloaded:  hsa04622 
parsed:  data_to_be_deleted/kegg.collection.reactions//hsa04622.xml 
downloaded:  hsa04970 
parsed:  data_to_be_deleted/kegg.collection.reactions//hsa04970.xml 
downloaded:  hsa00450 

reaction  rn:R03599  had two products. Taking the first one

reaction  rn:R08224  had two products. Taking the first one
parsed:  data_to_be_deleted/kegg.collection.reactions//hsa00450.xml 
downloaded:  hsa04726 
parsed:  data_to_be_deleted/kegg.collection.reactions//hsa04726.xml 
downloaded:  hsa00600 

reaction  rn:R01281  had two products. Taking the first one
parsed:  data_to_be_deleted/kegg.collection.reactions//hsa00600.xml 
downloaded:  hsa00500 

reaction  rn:R00802  had two products. Taking the first one

reaction  rn:R00802  had two products. Taking the first one

reaction  rn:R02109  had two products. Taking the first one

reaction  rn:R02111  had two products. Taking the first one
parsed:  data_to_be_deleted/kegg.collection.reactions//hsa00500.xml 
downloaded:  hsa00100 
parsed:  data_to_be_deleted/kegg.collection.reactions//hsa00100.xml 
downloaded:  hsa00140 

reaction  rn:R04676  had two products. Taking the first one

reaction  rn:R03933  had two products. Taking the first one
parsed:  data_to_be_deleted/kegg.collection.reactions//hsa00140.xml 
downloaded:  hsa00920 
parsed:  data_to_be_deleted/kegg.collection.reactions//hsa00920.xml 
downloaded:  hsa04721 
parsed:  data_to_be_deleted/kegg.collection.reactions//hsa04721.xml 
downloaded:  hsa00072 

reaction  rn:R01978  had two products. Taking the first one

reaction  rn:R01360  had two products. Taking the first one
parsed:  data_to_be_deleted/kegg.collection.reactions//hsa00072.xml 
downloaded:  hsa04660 
parsed:  data_to_be_deleted/kegg.collection.reactions//hsa04660.xml 
downloaded:  hsa04742 
parsed:  data_to_be_deleted/kegg.collection.reactions//hsa04742.xml 
downloaded:  hsa00430 
parsed:  data_to_be_deleted/kegg.collection.reactions//hsa00430.xml 
downloaded:  hsa00900 

reaction  rn:R01978  had two products. Taking the first one

reaction  rn:R01658  had two products. Taking the first one

reaction  rn:R02003  had two products. Taking the first one

reaction  rn:R02061  had two products. Taking the first one
parsed:  data_to_be_deleted/kegg.collection.reactions//hsa00900.xml 
downloaded:  hsa04350 
parsed:  data_to_be_deleted/kegg.collection.reactions//hsa04350.xml 
downloaded:  hsa00730 

reaction  rn:R07460  had two products. Taking the first one
parsed:  data_to_be_deleted/kegg.collection.reactions//hsa00730.xml 
downloaded:  hsa04919 
parsed:  data_to_be_deleted/kegg.collection.reactions//hsa04919.xml 
downloaded:  hsa04918 
parsed:  data_to_be_deleted/kegg.collection.reactions//hsa04918.xml 
downloaded:  hsa04530 
parsed:  data_to_be_deleted/kegg.collection.reactions//hsa04530.xml 
downloaded:  hsa04668 
parsed:  data_to_be_deleted/kegg.collection.reactions//hsa04668.xml 
downloaded:  hsa04620 
parsed:  data_to_be_deleted/kegg.collection.reactions//hsa04620.xml 
downloaded:  hsa00380 
parsed:  data_to_be_deleted/kegg.collection.reactions//hsa00380.xml 
downloaded:  hsa00350 

reaction  rn:R01085  had two products. Taking the first one

reaction  rn:R01364  had two products. Taking the first one
parsed:  data_to_be_deleted/kegg.collection.reactions//hsa00350.xml 
downloaded:  hsa00130 
parsed:  data_to_be_deleted/kegg.collection.reactions//hsa00130.xml 
downloaded:  hsa00290 
parsed:  data_to_be_deleted/kegg.collection.reactions//hsa00290.xml 
downloaded:  hsa00280 

reaction  rn:R01978  had two products. Taking the first one

reaction  rn:R01360  had two products. Taking the first one

reaction  rn:R07603  had two products. Taking the first one

reaction  rn:R00927  had two products. Taking the first one

reaction  rn:R03174  had two products. Taking the first one

reaction  rn:R07599  had two products. Taking the first one

reaction  rn:R02662  had two products. Taking the first one

reaction  rn:R07601  had two products. Taking the first one

reaction  rn:R04097  had two products. Taking the first one
parsed:  data_to_be_deleted/kegg.collection.reactions//hsa00280.xml 
downloaded:  hsa04270 
parsed:  data_to_be_deleted/kegg.collection.reactions//hsa04270.xml 
downloaded:  hsa04962 
parsed:  data_to_be_deleted/kegg.collection.reactions//hsa04962.xml 
downloaded:  hsa04370 
parsed:  data_to_be_deleted/kegg.collection.reactions//hsa04370.xml 
downloaded:  hsa00750 
parsed:  data_to_be_deleted/kegg.collection.reactions//hsa00750.xml 
downloaded:  hsa04977 
parsed:  data_to_be_deleted/kegg.collection.reactions//hsa04977.xml 
downloaded:  hsa04310 
parsed:  data_to_be_deleted/kegg.collection.reactions//hsa04310.xml 